C51 COMPILER V9.01   INT0_0_F                                                              04/04/2019 19:08:59 PAGE 1   


C51 COMPILER V9.01, COMPILATION OF MODULE INT0_0_F
OBJECT MODULE PLACED IN int0_0-f.OBJ
COMPILER INVOKED BY: D:\keil 4\C51\BIN\C51.EXE int0_0-f.c BROWSE DEBUG OBJECTEXTEND

line level    source

   1          #include "reg52.h"
   2          #define ui unsigned int
   3          //外部中断 低电平触发
   4          sbit wela = P2 ^ 1;
   5          sbit dula = P2 ^ 0;
   6          sbit LED = P2 ^ 2;
   7          /*------------------------------------------------
   8                                             共阴显示0-F
   9          ------------------------------------------------*/
  10          unsigned char code table[] = { 0x3F,0x06,0x5B,0x4F,
  11                                                            0x66,0x6D,0x7d,0x07,
  12                                                            0x7f,0x6f,0x77,0x7C,
  13                                                            0x39,0x5E,0x79,0x71
  14          };
  15          void delay(ui z)
  16          {
  17   1              ui a, b;
  18   1              for (a = z; a > 0; a--)
  19   1                      for (b = 110; b > 0; b--);
  20   1      }
  21          void Init_INT0(void)
  22          {
  23   1              IT0 = 0;//低电平
  24   1              EA = 1;            //总中断打开
  25   1              EX0 = 1;           //外部中断0打开
  26   1      }
  27          void main()
  28          {
  29   1              ui i;
  30   1              
  31   1              Init_INT0();
  32   1      //低位--->高位
  33   1              wela = 1;
  34   1              P0 = 0x00;
  35   1              wela = 0;
  36   1      
  37   1                        while(1){
  38   2              for (i = 0; i < 16; i++)                
  39   2              {                               
  40   3                  LED = 1;
  41   3                      delay(500);
  42   3                      P0 = table[i];
  43   3              }
  44   2              }
  45   1      }
  46          void int0() interrupt 0
  47          {
  48   1              LED = 0;
  49   1              delay(2000);
  50   1      }
  51          


MODULE INFORMATION:   STATIC OVERLAYABLE
   CODE SIZE        =    116    ----
C51 COMPILER V9.01   INT0_0_F                                                              04/04/2019 19:08:59 PAGE 2   

   CONSTANT SIZE    =     16    ----
   XDATA SIZE       =   ----    ----
   PDATA SIZE       =   ----    ----
   DATA SIZE        =   ----    ----
   IDATA SIZE       =   ----    ----
   BIT SIZE         =   ----    ----
END OF MODULE INFORMATION.


C51 COMPILATION COMPLETE.  0 WARNING(S),  0 ERROR(S)
