C51 COMPILER V9.01   ZIFU                                                                  05/05/2019 12:19:12 PAGE 1   


C51 COMPILER V9.01, COMPILATION OF MODULE ZIFU
OBJECT MODULE PLACED IN zifu.OBJ
COMPILER INVOKED BY: G:\Keil\C51\BIN\C51.EXE zifu.c BROWSE DEBUG OBJECTEXTEND TABS(5)

line level    source

   1          /*
   2           * 液晶板显示两行字符串
   3           * */
   4          #include "reg52.h"
   5          #define  uc unsigned char
   6          #define ui unsigned int
   7          //学校板子
   8          //sbit rs=P2^4;
   9          //sbit rw=P2^5;
  10          //sbit en=P2^6;
  11          //自己板子
  12          sbit rs=P2^6;
  13          sbit rw=P2^5;
  14          sbit en=P2^7;
  15          void delay(ui z)
  16          {
  17   1          ui a,b;
  18   1          for ( a=z;a>0;a--)
  19   1              for( b=110;b>0;b--);
  20   1      }
  21          void write_com(uc com)//写指令
  22          {
  23   1          rs=0;
  24   1          rw=0;
  25   1          P0=com;//D0-D7发送指令
  26   1          en=1;//产生高脉冲
  27   1          delay(5);
  28   1          en=0;
  29   1      }
  30          void write_dat(uc dat)//写数据
  31          {
  32   1          rs=1;//数据 高电平
  33   1          rw=0;
  34   1          P0=dat;//D0-D7发送数据
  35   1          en=1;//产生高脉冲
  36   1          delay(5);
  37   1          en=0;
  38   1      }
  39          void init()
  40          {
  41   1          write_com(0x38);//命令6 8位数据接口 2行显示 5*7点阵
  42   1          write_com(0x0f);//命令4 开显示 有光标 闪烁
  43   1          write_com(0x06);//命令3 读或写一个字符后地址指针加一 整屏显示不移动
  44   1          write_com(0x01);//命令1 清屏
  45   1      }
  46          void display(uc *s)
  47          {
  48   1          int i=0;
  49   1          uc dat;
  50   1          while(*s!='\0')
  51   1          {
  52   2              dat=*s;
  53   2              delay(500);
  54   2              //write_com(0x18);  //命令5 字符左移
  55   2              write_dat(dat);
C51 COMPILER V9.01   ZIFU                                                                  05/05/2019 12:19:12 PAGE 2   

  56   2              s++;
  57   2          }
  58   1      }
  59          void main()
  60          {
  61   1          init();
  62   1          //显示在第一行  0x00-0x0f  
  63   1          write_com(0x80+0x00);
  64   1          display("    4B 208 ");
  65   1          //显示在第二行  0x40-0x4f
  66   1          write_com(0x80+0x40);
  67   1          display("nb nb nb nb !!!");
  68   1          while(1);
  69   1      }


MODULE INFORMATION:   STATIC OVERLAYABLE
   CODE SIZE        =    141    ----
   CONSTANT SIZE    =     28    ----
   XDATA SIZE       =   ----    ----
   PDATA SIZE       =   ----    ----
   DATA SIZE        =   ----       3
   IDATA SIZE       =   ----    ----
   BIT SIZE         =   ----    ----
END OF MODULE INFORMATION.


C51 COMPILATION COMPLETE.  0 WARNING(S),  0 ERROR(S)
