C51 COMPILER V9.01   LIBFLED                                                               03/15/2019 19:27:43 PAGE 1   


C51 COMPILER V9.01, COMPILATION OF MODULE LIBFLED
OBJECT MODULE PLACED IN libfled.OBJ
COMPILER INVOKED BY: G:\Keil\C51\BIN\C51.EXE libfled.c BROWSE DEBUG OBJECTEXTEND TABS(5)

line level    source

   1          #include <reg51.h>
   2          #include <intrins.h>
   3          #define ui unsigned int
   4          void delay(ui z)
   5          {
   6   1           ui a,b;
   7   1           for(a=z;a>0;a--)
   8   1                for(b=110;b>0;b--);
   9   1      }
  10          void main()
  11          {
  12   1           P0=0X01;
  13   1           while(1)
  14   1           {
  15   2                delay(1000);
  16   2                P0=_crol_(P0,1);
  17   2           }
  18   1      }


MODULE INFORMATION:   STATIC OVERLAYABLE
   CODE SIZE        =     55    ----
   CONSTANT SIZE    =   ----    ----
   XDATA SIZE       =   ----    ----
   PDATA SIZE       =   ----    ----
   DATA SIZE        =   ----    ----
   IDATA SIZE       =   ----    ----
   BIT SIZE         =   ----    ----
END OF MODULE INFORMATION.


C51 COMPILATION COMPLETE.  0 WARNING(S),  0 ERROR(S)
