C51 COMPILER V9.01   SINGLEKEY                                                             04/18/2019 19:21:53 PAGE 1   


C51 COMPILER V9.01, COMPILATION OF MODULE SINGLEKEY
OBJECT MODULE PLACED IN singlekey.OBJ
COMPILER INVOKED BY: D:\keil 4\C51\BIN\C51.EXE singlekey.c BROWSE DEBUG OBJECTEXTEND

line level    source

   1          /*
   2          独立按键的延时抖动，以及消除抖动
   3          最后一个数码管显示0-10
   4          */
   5          #include "reg52.h"
   6          /*------------------------------------------------
   7                                            共阴数码管 0-F
   8          ------------------------------------------------*/
   9          unsigned char code table[] = { 0x3f,0x06,0x5b,0x4f,
  10          0x66,0x6d,0x7d,0x07,
  11          0x7f,0x6f,0x77,0x7c,
  12          0x39,0x5e,0x79,0x71
  13          };
  14          #define uc unsigned char 
  15          #define ui unsigned int 
  16          sbit dula = P2 ^ 0;
  17          sbit wela = P2 ^ 1;
  18          sbit key = P1 ^ 0;
  19          uc num = 0;
  20          void delay(ui a)
  21          {
  22   1              ui b,c;
  23   1              for (b = a; b > 0; b--)
  24   1                      for (c = 110; c > 0; c--);
  25   1      }
  26          
  27          void main()
  28          {
  29   1              //选中最后一个数码管 1111 1110
  30   1              wela = 1;
  31   1              P0 = 0x7f;
  32   1              wela = 0;
  33   1      
  34   1              key = 1;
  35   1              while (1)
  36   1              {
  37   2                      if (key == 0)//消除抖动
  38   2                      {
  39   3                              //delay(10);//通过延时消除抖动
  40   3                      //      if (key == 0)//再次判断是否真的有按键被按下，如果按键被按下
  41   3                              //{
  42   3                                      num++;
  43   3                                      if (num == 10)
  44   3                                              num = 0;
  45   3                                      while (!key);//如果按键没有被松开，一直循环
  46   3                      //      }
  47   3                      }
  48   2                      dula = 1;
  49   2                      P0 = table[num];
  50   2                      dula = 0;
  51   2      
  52   2      
  53   2              }
  54   1      
  55   1      }
C51 COMPILER V9.01   SINGLEKEY                                                             04/18/2019 19:21:53 PAGE 2   



MODULE INFORMATION:   STATIC OVERLAYABLE
   CODE SIZE        =     69    ----
   CONSTANT SIZE    =     16    ----
   XDATA SIZE       =   ----    ----
   PDATA SIZE       =   ----    ----
   DATA SIZE        =      1    ----
   IDATA SIZE       =   ----    ----
   BIT SIZE         =   ----    ----
END OF MODULE INFORMATION.


C51 COMPILATION COMPLETE.  0 WARNING(S),  0 ERROR(S)
