C51 COMPILER V9.01   FIRSTLED                                                              03/15/2019 18:57:22 PAGE 1   


C51 COMPILER V9.01, COMPILATION OF MODULE FIRSTLED
OBJECT MODULE PLACED IN firstLed.OBJ
COMPILER INVOKED BY: G:\Keil\C51\BIN\C51.EXE firstLed.c BROWSE DEBUG OBJECTEXTEND TABS(5)

line level    source

   1          #include<reg51.h>
   2          
   3          void main()
   4          {
   5   1           P0=0X01;
   6   1      }


MODULE INFORMATION:   STATIC OVERLAYABLE
   CODE SIZE        =      4    ----
   CONSTANT SIZE    =   ----    ----
   XDATA SIZE       =   ----    ----
   PDATA SIZE       =   ----    ----
   DATA SIZE        =   ----    ----
   IDATA SIZE       =   ----    ----
   BIT SIZE         =   ----    ----
END OF MODULE INFORMATION.


C51 COMPILATION COMPLETE.  0 WARNING(S),  0 ERROR(S)
