C51 COMPILER V9.01   2CHAR                                                                 05/05/2019 15:59:43 PAGE 1   


C51 COMPILER V9.01, COMPILATION OF MODULE 2CHAR
OBJECT MODULE PLACED IN 2char.OBJ
COMPILER INVOKED BY: D:\keil 4\C51\BIN\C51.EXE 2char.c BROWSE DEBUG OBJECTEXTEND

line level    source

   1          /*
   2           * 单片机发送两个字符给PC机 波特率 9600Mhz SMOD=0 fosc=11.0592Mhz
   3           * (SMOD=1 时 PCON=0X80 要写上)
   4           *计算初值
   5           *波特率=（2^SMOD/32）*(fosc/((256-X)*12))
   6           *
   7           * */
   8          #include "reg52.h"
   9          #define  uc unsigned  char
  10          #define  ui unsigned  int
  11          //初始化串口
  12          void init()
  13          {
  14   1      
  15   1          TMOD=0x20;//用定时器1 方式2 自动重装初值 M1=1 M0=0
  16   1          TH1=253;//计算初值  波特率9600bps时
  17   1          TL1=253;//低八位可以不设置
  18   1          TR1=1;//启动定时器T1
  19   1      
  20   1          SM0=0;//使用SCON方式一
  21   1          SM1=1;
  22   1          REN=1;//启动串口接收数据
  23   1      
  24   1          //SCON结构 SM1 SM1 SM2 REN TB8 RB8 TI RI
  25   1          //也可以 SCON=0X50
  26   1      
  27   1          //使用查询方式
  28   1      
  29   1      }
  30          void delay(ui z)
  31          {
  32   1          ui a,b;
  33   1          for ( a=z;a>0;a--)
  34   1              for( b=110;b>0;b--);
  35   1      }
  36          void sendbyte(uc dat)
  37          {
  38   1         //发送单个字符给PC机
  39   1         SBUF=dat;
  40   1         while (!TI);//TI=0 时一直等待
  41   1         TI=0;//手动将发送中断标志位清零
  42   1      }
  43          void sendstr(uc *s)
  44          {
  45   1          while (*s!='\0')
  46   1          {
  47   2              sendbyte(*s);
  48   2              s++;
  49   2          }
  50   1      }
  51          
  52          void main()
  53          {
  54   1          init();
  55   1          sendstr("A");
C51 COMPILER V9.01   2CHAR                                                                 05/05/2019 15:59:43 PAGE 2   

  56   1          delay(500);
  57   1          sendstr("B");
  58   1          while (1);
  59   1      }
  60          
  61          


MODULE INFORMATION:   STATIC OVERLAYABLE
   CODE SIZE        =    103    ----
   CONSTANT SIZE    =      4    ----
   XDATA SIZE       =   ----    ----
   PDATA SIZE       =   ----    ----
   DATA SIZE        =   ----    ----
   IDATA SIZE       =   ----    ----
   BIT SIZE         =   ----    ----
END OF MODULE INFORMATION.


C51 COMPILATION COMPLETE.  0 WARNING(S),  0 ERROR(S)
