C51 COMPILER V9.01   SMG_TIMER0                                                            04/12/2019 16:39:23 PAGE 1   


C51 COMPILER V9.01, COMPILATION OF MODULE SMG_TIMER0
OBJECT MODULE PLACED IN smg_timer0.OBJ
COMPILER INVOKED BY: D:\keil 4\C51\BIN\C51.EXE smg_timer0.c BROWSE DEBUG OBJECTEXTEND

line level    source

   1          /*
   2          前三个数码管显示0-100
   3          定时器0实现
   4          */
   5          #include"reg52.h"
   6          sbit wela=P2^0;
   7          sbit dula=P2^1;
   8          #define ui unsigned int
   9          #define uc unsigned char
  10          uc  bai,shi,ge,time=0;
  11          /*------------------------------------------------
  12                            共阴数码管 0-F
  13          ------------------------------------------------*/
  14          unsigned char  code table[]={
  15          0x3f,0x06,0x5b,0x4f,
  16          0x66,0x6d,0x7d,0x07,
  17          0x7f,0x6f,0x77,0x7c,
  18          0x39,0x5e,0x79,0x71};
  19          
  20          ui shu =0;                        
  21          void delay(ui z);
  22          void display();
  23          void separate(ui);
  24          void inittimer0();
  25          void main()
  26          {
  27   1          inittimer0();
  28   1          while(1)
  29   1          {    
  30   2                           
  31   2               if(time==10)
  32   2               {       separate(shu); 
  33   3                               shu++;
  34   3                           if(shu>100)
  35   3                                       shu=0;
  36   3                   time=0;      
  37   3                        }             
  38   2                        display();
  39   2          }
  40   1      }
  41          void delay(ui z)
  42          {
  43   1          ui a,b;
  44   1          for(a=z;a>0;a--)
  45   1              for(b=110;b>0;b--);
  46   1      } 
  47          void display()
  48          {
  49   1      
  50   1      //第一个数码管 0111 1111 显示 百位
  51   1             
  52   1          P0=0xfe;  wela=1;
  53   1          wela=0;
  54   1              dula=1;
  55   1          P0=table[bai];
C51 COMPILER V9.01   SMG_TIMER0                                                            04/12/2019 16:39:23 PAGE 2   

  56   1          dula=0;
  57   1       
  58   1              delay(1);
  59   1      
  60   1              
  61   1          P0=0xfd;    wela=1;
  62   1          wela=0;//第二个数码管 1011 1111 显示 十位
  63   1          dula=1;
  64   1          P0=table[shi];
  65   1          dula=0;
  66   1      
  67   1              delay(1); 
  68   1      
  69   1      
  70   1          P0=0xfb;    wela=1;
  71   1          wela=0;
  72   1          //第三个数码管 1101 1111 显示  个位 
  73   1          dula=1;
  74   1          P0=table[ge];
  75   1          dula=0;
  76   1              
  77   1              delay(1);
  78   1      }
  79          void separate(ui num)
  80          {
  81   1      //分离3位数
  82   1          bai=num/100;
  83   1          shi=num%100/10;
  84   1          ge=num%100%10;
  85   1      }
  86          void inittimer0()
  87          {
  88   1          TMOD=0X01;
  89   1          TH0=(65536-50000)/256;  //定时50ms
  90   1          TL0=(65536-50000)%256;
  91   1      
  92   1          EA=1; //总中断
  93   1          ET0=1;  //T0中断
  94   1          TR0=1;  //开启T0
  95   1      }
  96          void timer0() interrupt 1
  97          {
  98   1          TH0=(65536-50000)/256;  //定时50ms
  99   1          TL0=(65536-50000)%256;
 100   1          time++;
 101   1          
 102   1         
 103   1      }


MODULE INFORMATION:   STATIC OVERLAYABLE
   CODE SIZE        =    229    ----
   CONSTANT SIZE    =     16    ----
   XDATA SIZE       =   ----    ----
   PDATA SIZE       =   ----    ----
   DATA SIZE        =      6    ----
   IDATA SIZE       =   ----    ----
   BIT SIZE         =   ----    ----
END OF MODULE INFORMATION.


C51 COMPILATION COMPLETE.  0 WARNING(S),  0 ERROR(S)
