C51 COMPILER V9.01   HUAYANGLED                                                            03/24/2019 14:45:20 PAGE 1   


C51 COMPILER V9.01, COMPILATION OF MODULE HUAYANGLED
OBJECT MODULE PLACED IN huayangLED.OBJ
COMPILER INVOKED BY: D:\keil 4\C51\BIN\C51.EXE huayangLED.c BROWSE DEBUG OBJECTEXTEND

line level    source

   1          #include "reg52.h"
   2          #define uc unsigned char
   3          #define ui unsigned int
   4          uc code seg[]={                   0x7f,0xbf,0xdf,0xef,
   5                                                            0xf7,0xfb,0xfd,0xfe,
   6                                                            0xff,0xff,0x00,0x00,
   7                                                            0x55,0x55,0xaa,0xaa
   8                                                            }       ;
   9          void delay(ui z)
  10          {
  11   1              ui a,b;
  12   1              for(a=z;a>0;a--)
  13   1                      for(b=110;b>0;b--);
  14   1      }
  15          void main()
  16          {
  17   1              ui i;
  18   1              P1=0XFE; //1111 1110
  19   1              for(i=0;i<16;i++)
  20   1              {
  21   2                      delay(1000);
  22   2                      P1=seg[i];
  23   2              //      P1=P1<<1;
  24   2      
  25   2              }
  26   1              P1=0X7F; //0111 1111
  27   1              for(i=0;i<16;i++)
  28   1              {
  29   2                      delay(1000);
  30   2                      P1=seg[16-i];
  31   2              //      P1=P1>>1;
  32   2      
  33   2              }
  34   1      }


MODULE INFORMATION:   STATIC OVERLAYABLE
   CODE SIZE        =    108    ----
   CONSTANT SIZE    =     16    ----
   XDATA SIZE       =   ----    ----
   PDATA SIZE       =   ----    ----
   DATA SIZE        =   ----    ----
   IDATA SIZE       =   ----    ----
   BIT SIZE         =   ----    ----
END OF MODULE INFORMATION.


C51 COMPILATION COMPLETE.  0 WARNING(S),  0 ERROR(S)
