C51 COMPILER V9.01   TIMER0_SMG_1357                                                       04/11/2019 22:12:37 PAGE 1   


C51 COMPILER V9.01, COMPILATION OF MODULE TIMER0_SMG_1357
OBJECT MODULE PLACED IN timer0_smg_1357.OBJ
COMPILER INVOKED BY: D:\keil 4\C51\BIN\C51.EXE timer0_smg_1357.c BROWSE DEBUG OBJECTEXTEND

line level    source

   1          /*
   2          数码管动态显示 1357数码管动态显示1357 
   3          延时函数实现
   4          */
   5          #include"reg52.h"
   6          sbit wela=P2^0;
   7          sbit dula=P2^1;
   8          #define ui unsigned int
   9          #define uc unsigned char
  10          uc qian, bai,shi,ge;
  11          /*------------------------------------------------
  12                            共阴数码管 0-F
  13          ------------------------------------------------*/
  14          unsigned char code table[]={    0x3f,0x06,0x5b,0x4f,
  15                                          0x66,0x6d,0x7d,0x07,
  16                                          0x7f,0x6f,0x77,0x7c,
  17                                          0x39,0x5e,0x79,0x71
  18          
  19                                                            }       ;
  20          ui shu =1357;                        
  21          void delay(ui z);
  22          void display(uc qian,uc bai,uc shi,uc ge);
  23          void separate(ui);
  24          void main()
  25          {
  26   1          separate(shu);
  27   1          while(1)
  28   1          {
  29   2               display( qian, bai, shi, ge);
  30   2          }
  31   1      }
  32          void delay(ui z)
  33          {
  34   1          ui a,b;
  35   1          for(a=z;a>0;a--)
  36   1              for(b=110;b>0;b--);
  37   1      } 
  38          void display(uc qian,uc bai,uc shi,uc ge)
  39          {
  40   1          //第一个数码管 0111 1111 显示 1 千位 
  41   1          
  42   1         
  43   1          dula=1;
  44   1          P0=table[qian];
  45   1          dula=0;
  46   1              wela=1;
  47   1          P0=0xfe;
  48   1          wela=0;
  49   1              delay(1);
  50   1      
  51   1      //第三个数码管 1101 1111 显示 3 百位
  52   1         
  53   1          dula=1;
  54   1          P0=table[bai];
  55   1          dula=0;
C51 COMPILER V9.01   TIMER0_SMG_1357                                                       04/11/2019 22:12:37 PAGE 2   

  56   1               wela=1;
  57   1          P0=0xfb;
  58   1          wela=0;
  59   1          delay(1);
  60   1      
  61   1      //第五个数码管 1111 0111 显示 5 十位
  62   1          
  63   1          dula=1;
  64   1          P0=table[shi];
  65   1          dula=0;
  66   1              wela=1;
  67   1          P0=0xef;
  68   1          wela=0;
  69   1          delay(1);
  70   1      
  71   1          //第七个数码管 1111 1101 显示 7 个位 
  72   1         
  73   1          dula=1;
  74   1          P0=table[ge];
  75   1          dula=0;
  76   1              wela=1;
  77   1          P0=0xbf;
  78   1          wela=0;
  79   1          delay(1);
  80   1      }
  81          void separate(ui num)
  82          {
  83   1      //分离4位数
  84   1          qian=num/1000;
  85   1          bai=num%1000/100;
  86   1          shi=num%100/10;
  87   1          ge=num%10;
  88   1      }


MODULE INFORMATION:   STATIC OVERLAYABLE
   CODE SIZE        =    212    ----
   CONSTANT SIZE    =     16    ----
   XDATA SIZE       =   ----    ----
   PDATA SIZE       =   ----    ----
   DATA SIZE        =      6       4
   IDATA SIZE       =   ----    ----
   BIT SIZE         =   ----    ----
END OF MODULE INFORMATION.


C51 COMPILATION COMPLETE.  0 WARNING(S),  0 ERROR(S)
