C51 COMPILER V9.01   INT0_IT1                                                              04/04/2019 18:27:40 PAGE 1   


C51 COMPILER V9.01, COMPILATION OF MODULE INT0_IT1
OBJECT MODULE PLACED IN int0_IT1.OBJ
COMPILER INVOKED BY: D:\keil 4\C51\BIN\C51.EXE int0_IT1.c BROWSE DEBUG OBJECTEXTEND

line level    source

   1          //下降沿触发
   2          #include "reg52.h"
   3          #define ui unsigned int
   4          //外部中断 低电平触发
   5          
   6          sbit LED = P2 ^ 2;
   7          
   8          /*------------------------------------------------
   9                                             共阳数码管 0-F
  10          ------------------------------------------------*/
  11          unsigned char code table[]={    0xc0,0xf9,0xa4,0xb0,
  12                                                                          0x99,0x92,0x82,0xf8,
  13                                                                      0x80,0x90,0x88,0x83,
  14                                                                          0xc6,0xa1,0x86,0x8e
  15                                                            }       ;
  16          void delay(ui z)
  17          {
  18   1              ui a, b;
  19   1              for (a = z; a > 0; a--)
  20   1                      for (b = 110; b > 0; b--);
  21   1      }
  22          void Init_INT0(void)
  23          {
  24   1              IT0 = 1;//外部中断0下降沿触发
  25   1              EA = 1;            //总中断打开
  26   1              EX0 = 1;           //外部中断0打开
  27   1      }
  28          void main()
  29          {
  30   1              ui i;
  31   1              
  32   1              Init_INT0();
  33   1      
  34   1              for (i = 0; i < 16; i++)                
  35   1              {   
  36   2                      LED = 1;//熄灭LED
  37   2                      delay(500);
  38   2                      P0 = table[i];
  39   2              }
  40   1      }
  41          void int0() interrupt 0
  42          {
  43   1              LED = 0;//点亮LED
  44   1      }
  45          


MODULE INFORMATION:   STATIC OVERLAYABLE
   CODE SIZE        =     74    ----
   CONSTANT SIZE    =     16    ----
   XDATA SIZE       =   ----    ----
   PDATA SIZE       =   ----    ----
   DATA SIZE        =   ----    ----
   IDATA SIZE       =   ----    ----
   BIT SIZE         =   ----    ----
C51 COMPILER V9.01   INT0_IT1                                                              04/04/2019 18:27:40 PAGE 2   

END OF MODULE INFORMATION.


C51 COMPILATION COMPLETE.  0 WARNING(S),  0 ERROR(S)
