C51 COMPILER V9.01   INT1_LED1_2                                                           04/04/2019 18:55:59 PAGE 1   


C51 COMPILER V9.01, COMPILATION OF MODULE INT1_LED1_2
OBJECT MODULE PLACED IN INT1_LED1-2.OBJ
COMPILER INVOKED BY: D:\keil 4\C51\BIN\C51.EXE INT1_LED1-2.c BROWSE DEBUG OBJECTEXTEND

line level    source

   1          #include "reg52.h"
   2          #define ui unsigned int
   3          //外部中断 低电平触发
   4          sbit LED1 = P2 ^ 2;
   5          sbit LED2 = P2 ^ 3;
   6          void Init_INT0(void)
   7          {
   8   1              IT0 = 1;//下降沿
   9   1              EA = 1;            //总中断打开
  10   1              EX0 = 1;           //外部中断0打开
  11   1      }
  12          void delay(ui z)
  13          {
  14   1              ui a, b;
  15   1              for (a = z; a > 0; a--)
  16   1                      for (b = 110; b > 0; b--);
  17   1      }
  18          void main()
  19          {
  20   1      
  21   1              Init_INT0();
  22   1              delay(1000);
  23   1          LED1 = 0;
  24   1          LED2 = 1;
  25   1              
  26   1      }
  27          void int0() interrupt 0
  28          {
  29   1              LED1 = 1;
  30   1          LED2 = 0;
  31   1      }
  32          


MODULE INFORMATION:   STATIC OVERLAYABLE
   CODE SIZE        =     57    ----
   CONSTANT SIZE    =   ----    ----
   XDATA SIZE       =   ----    ----
   PDATA SIZE       =   ----    ----
   DATA SIZE        =   ----    ----
   IDATA SIZE       =   ----    ----
   BIT SIZE         =   ----    ----
END OF MODULE INFORMATION.


C51 COMPILATION COMPLETE.  0 WARNING(S),  0 ERROR(S)
