C51 COMPILER V9.01   BACK                                                                  05/05/2019 16:07:49 PAGE 1   


C51 COMPILER V9.01, COMPILATION OF MODULE BACK
OBJECT MODULE PLACED IN back.OBJ
COMPILER INVOKED BY: D:\keil 4\C51\BIN\C51.EXE back.c BROWSE DEBUG OBJECTEXTEND

line level    source

   1          /*
   2           * PC机发送一个字符给单片机 单片机收到后再发给PC机
   3           *
   4           * */
   5          #include "reg52.h"
   6          #define uc unsigned char
   7          //初始化串口
   8          void init()
   9          {
  10   1          //SMOD=1 时 PCON=0X80 要写上
  11   1          PCON=0X80;
  12   1          TMOD=0x20;//用定时器1 方式2 自动重装初值 M1=1 M0=0
  13   1          TH1=244;//计算初值  波特率4800bps时
  14   1          TL1=244;//低八位可以不设置
  15   1          TR1=1;//启动定时器T1
  16   1      
  17   1          SM0=0;//使用SCON方式一
  18   1          SM1=1;
  19   1          REN=1;//启动串口接收数据
  20   1      
  21   1          //SCON结构 SM1 SM1 SM2 REN TB8 RB8 TI RI
  22   1          //也可以 SCON=0X50
  23   1      
  24   1          //中断方式
  25   1          EA=1;
  26   1          ES=1;
  27   1      }
  28          void sendbyte(uc date)
  29          {
  30   1          //发送单个字符给PC机
  31   1          SBUF=date;
  32   1          while (!TI);//TI=0 时一直等待
  33   1          TI=0;//手动将发送中断标志位清零
  34   1      }
  35          void main()
  36          {
  37   1          init();
  38   1          while(1);
  39   1      
  40   1      
  41   1      }
  42          void serial() interrupt 4
  43          {
  44   1      unsigned  char temp;
  45   1      if(RI)
  46   1      {
  47   2      RI=0;//将接收中断标志位 手动清零
  48   2      temp=SBUF;//将SBUF中的数据取出来
  49   2      P0=temp;
  50   2      sendbyte(temp);
  51   2      }
  52   1      if(TI)
  53   1          TI=0;//将发送中断标志位手动清零
  54   1      }

C51 COMPILER V9.01   BACK                                                                  05/05/2019 16:07:49 PAGE 2   


MODULE INFORMATION:   STATIC OVERLAYABLE
   CODE SIZE        =     67    ----
   CONSTANT SIZE    =   ----    ----
   XDATA SIZE       =   ----    ----
   PDATA SIZE       =   ----    ----
   DATA SIZE        =   ----    ----
   IDATA SIZE       =   ----    ----
   BIT SIZE         =   ----    ----
END OF MODULE INFORMATION.


C51 COMPILATION COMPLETE.  0 WARNING(S),  0 ERROR(S)
