C51 COMPILER V9.01   CLOCK                                                                 05/10/2019 16:46:17 PAGE 1   


C51 COMPILER V9.01, COMPILATION OF MODULE CLOCK
OBJECT MODULE PLACED IN clock.OBJ
COMPILER INVOKED BY: D:\keil 4\C51\BIN\C51.EXE clock.c BROWSE DEBUG OBJECTEXTEND

line level    source

   1          /*
   2           * 自定义闹钟
   3           * 使用定时器T0
   4           * */
   5          
   6          #include "reg52.h"
   7          #define ui unsigned int
   8          #define uc unsigned char
   9          
  10          //学校板子
  11          sbit rs=P2^4;
  12          sbit rw=P2^5;
  13          sbit en=P2^6;
  14          //自己板子
  15          //sbit rs=P2^6;
  16          //sbit rw=P2^5;
  17          //sbit en=P2^7;
  18          sbit dula=P2^2;
  19          sbit wela=P2^3;
  20          uc count,hour,min,sec;
  21          uc code table1[]="2019-05-10 FIR";
  22          uc code table2[]="  12:13:14";
  23          void delay(ui z)
  24          {
  25   1          ui a,b;
  26   1          for ( a=z;a>0;a--)
  27   1              for( b=110;b>0;b--);
  28   1      }
  29          void write_com(uc com)//写指令
  30          {
  31   1          rs=0;//指令 低电平
  32   1          rw=0;//写
  33   1          P0=com;//D0-D7发送指令
  34   1          en=1;//产生高脉冲
  35   1          delay(5);
  36   1          en=0;
  37   1      }
  38          void write_dat(uc dat)//写数据
  39          {
  40   1          rs=1;//数据 高电平
  41   1          rw=0;//写
  42   1          P0=dat;//D0-D7发送数据
  43   1          en=1;//产生高脉冲
  44   1          delay(5);
  45   1          en=0;
  46   1      }
  47          void init()
  48          {
  49   1          uc num;
  50   1          hour=10;
  51   1          min=10;
  52   1          sec=10;
  53   1          dula=0;
  54   1          wela=0;
  55   1      
C51 COMPILER V9.01   CLOCK                                                                 05/10/2019 16:46:17 PAGE 2   

  56   1          write_com(0x38);//命令6 8位数据接口 2行显示 5*7点阵
  57   1          write_com(0x0f);//命令4 开显示 有光标 闪烁
  58   1          write_com(0x06);//命令3 读或写一个字符后地址指针加一 整屏显示不移动
  59   1          write_com(0x01);//命令1 清屏
  60   1      
  61   1          //写入字符串 字符串长度16
  62   1          for(num=0;num<14;num++)
  63   1          {
  64   2              write_dat(table1[num]);
  65   2              delay(5);
  66   2          }
  67   1          write_com(0xc0);//换行
  68   1          //写入字符串 字符串长度12
  69   1          for(num=0;num<10;num++)
  70   1          {
  71   2              write_dat(table2[num]);
  72   2              delay(5);
  73   2          }
  74   1         
  75   1      }
  76          void init_T0()
  77          {
  78   1          TMOD=0X01;
  79   1          TH0=(65536-50000)/256;
  80   1          TL0=(65536-50000)%256;
  81   1          EA=1;
  82   1          ET0=1;
  83   1          TR0=1;
  84   1      }
  85          void write_nowtime(uc add,uc dat)
  86          {
  87   1          uc shi,ge;//将传来的两位数据分离
  88   1          shi=dat/10;
  89   1          ge=dat%10;
  90   1          //显示到第二行 0x80+0x40
  91   1          //add 为偏移位置
  92   1          write_com(0xc0+add);
  93   1          //0x30表示0的ASCLL码 0x30+数字(0-9)表示 该数字对应的表里的值(Ascll)
  94   1          write_dat(0x30+shi);//光标自动下移 不用手动移位
  95   1          write_dat(0x30+ge);
  96   1      
  97   1      }
  98          
  99          void main()
 100          {
 101   1          init();
 102   1          init_T0();
 103   1          while(1)
 104   1          {
 105   2              if(count==20)
 106   2              {
 107   3                  //1秒
 108   3                  count=0;
 109   3                  sec++;
 110   3                  if(sec==60)
 111   3                  {
 112   4                      sec=0;
 113   4                      min++;
 114   4                      if(min==60)
 115   4                      {
 116   5                          min=0;
 117   5                          hour++;
C51 COMPILER V9.01   CLOCK                                                                 05/10/2019 16:46:17 PAGE 3   

 118   5                          if(hour==24)
 119   5                          {
 120   6                              hour=0;
 121   6                              //  00:00:00
 122   6                              //0123456789  位置
 123   6                          }
 124   5                          write_nowtime(2,hour);
 125   5                      }
 126   4                      write_nowtime(5,min);
 127   4                  }
 128   3                  write_nowtime(8,sec);
 129   3              }
 130   2          }
 131   1      }
 132          
 133          void timer_t0() interrupt 1
 134          {
 135   1      TH0=(65536-50000)/256;
 136   1      TL0=(65536-50000)%256;
 137   1      count++;
 138   1      }


MODULE INFORMATION:   STATIC OVERLAYABLE
   CODE SIZE        =    257    ----
   CONSTANT SIZE    =     26    ----
   XDATA SIZE       =   ----    ----
   PDATA SIZE       =   ----    ----
   DATA SIZE        =      4    ----
   IDATA SIZE       =   ----    ----
   BIT SIZE         =   ----    ----
END OF MODULE INFORMATION.


C51 COMPILATION COMPLETE.  0 WARNING(S),  0 ERROR(S)
