C51 COMPILER V9.01   TIMER0_SHUMAGUAN                                                      04/12/2019 16:12:12 PAGE 1   


C51 COMPILER V9.01, COMPILATION OF MODULE TIMER0_SHUMAGUAN
OBJECT MODULE PLACED IN timer0_shumaguan.OBJ
COMPILER INVOKED BY: D:\keil 4\C51\BIN\C51.EXE timer0_shumaguan.c BROWSE DEBUG OBJECTEXTEND

line level    source

   1          /*
   2          中间四个数码管显示 0-F 间隔1s 定时器0实现
   3          1100 0011 0XC3;
   4          使用12MHZ晶振  定时1000ms 20次
   5          */
   6          
   7          #include"reg52.h"
   8          sbit wela=P2^0;
   9          sbit dula=P2^1;
  10          #define ui unsigned int
  11          ui num=0,i=0;
  12          /*------------------------------------------------
  13                            共阴数码管 0-F
  14          ------------------------------------------------*/
  15          unsigned char code table[]={    0x3f,0x06,0x5b,0x4f,
  16          0x66,0x6d,0x7d,0x07,
  17          0x7f,0x6f,0x77,0x7c,
  18          0x39,0x5e,0x79,0x71
  19                                                            }       ;
  20          void inittimer();
  21          void main()
  22          {
  23   1          inittimer();
  24   1          wela=1;
  25   1          P0=0XC3;
  26   1          wela=0;
  27   1          while(1)
  28   1          {
  29   2              if(num==20)
  30   2              {
  31   3                  num=0;
  32   3                              i++;   
  33   3              }
  34   2                       
  35   2                      dula=1;
  36   2                  P0=table[i];
  37   2                  dula=0;
  38   2          }
  39   1      
  40   1      }
  41          void inittimer()
  42          {
  43   1          TMOD=0X01;
  44   1          TH0=(65536-50000)/256;
  45   1          TL0=(65536-50000)%256;
  46   1          EA=1;
  47   1          ET0=1;
  48   1          TR0=1;
  49   1      }
  50          void timer0() interrupt 1
  51          {
  52   1          TH0=(65536-50000)/256;
  53   1          TL0=(65536-50000)%256;
  54   1          num++;
  55   1         
C51 COMPILER V9.01   TIMER0_SHUMAGUAN                                                      04/12/2019 16:12:12 PAGE 2   

  56   1          if(i==16)
  57   1          {
  58   2              i=0;
  59   2          }
  60   1      
  61   1      }


MODULE INFORMATION:   STATIC OVERLAYABLE
   CODE SIZE        =     91    ----
   CONSTANT SIZE    =     16    ----
   XDATA SIZE       =   ----    ----
   PDATA SIZE       =   ----    ----
   DATA SIZE        =      4    ----
   IDATA SIZE       =   ----    ----
   BIT SIZE         =   ----    ----
END OF MODULE INFORMATION.


C51 COMPILATION COMPLETE.  0 WARNING(S),  0 ERROR(S)
