C51 COMPILER V9.01   8LEDS                                                                 03/21/2019 11:16:28 PAGE 1   


C51 COMPILER V9.01, COMPILATION OF MODULE 8LEDS
OBJECT MODULE PLACED IN 8leds.OBJ
COMPILER INVOKED BY: D:\keil 4\C51\BIN\C51.EXE 8leds.c BROWSE DEBUG OBJECTEXTEND

line level    source

   1          #include"reg51.h" 
   2          #define ui unsigned int 
   3          sbit wela=P2^1;
   4          sbit dula=P2^0;
   5          sbit led=P3^0;
   6          
   7          void delay()
   8          {
   9   1      ui x,b;
  10   1       for( x=1000;x>0;x--)
  11   1              for( b=110;b>0;b--);
  12   1       
  13   1      }
  14          void main()
  15          {
  16   1         led=0;
  17   1      
  18   1              //位选
  19   1      //低电平选中
  20   1      //第2468块 0101 0101
  21   1              wela=1;
  22   1              P0=0xaa;
  23   1              wela=0;
  24   1      
  25   1      //段选
  26   1              //dp g f e d c b a
  27   1              //高电平灯亮 
  28   1              dula=1;
  29   1              P0=0X5B;
  30   1              dula=0;
  31   1              delay();
  32   1      
  33   1      
  34   1      //死循环
  35   1              while(1);
  36   1      
  37   1      
  38   1      
  39   1      }


MODULE INFORMATION:   STATIC OVERLAYABLE
   CODE SIZE        =     48    ----
   CONSTANT SIZE    =   ----    ----
   XDATA SIZE       =   ----    ----
   PDATA SIZE       =   ----    ----
   DATA SIZE        =   ----    ----
   IDATA SIZE       =   ----    ----
   BIT SIZE         =   ----    ----
END OF MODULE INFORMATION.


C51 COMPILATION COMPLETE.  0 WARNING(S),  0 ERROR(S)
