C51 COMPILER V9.01   SERIAL_LED_SEARCH                                                     05/05/2019 10:32:25 PAGE 1   


C51 COMPILER V9.01, COMPILATION OF MODULE SERIAL_LED_SEARCH
OBJECT MODULE PLACED IN serial_led_search.OBJ
COMPILER INVOKED BY: G:\Keil\C51\BIN\C51.EXE serial_led_search.c BROWSE DEBUG OBJECTEXTEND TABS(5)

line level    source

   1          /*
   2          * 单片机接收一个数据，用LED验证接收到的数据 波特率 4800 SMOD=1  fosc=11.0592Mhz
   3          *计算初值
   4          *波特率=（2^SMOD/32）*(fosc/((256-X)*12))
   5          *
   6          * */
   7          #include "reg52.h"
   8          unsigned  char temp;
   9          //初始化串口
  10          void init()
  11          {
  12   1          //SMOD=1 时 PCON=0X80 要写上
  13   1          PCON=0X80;
  14   1          TMOD=0x20;//用定时器1 方式2 自动重装初值 M1=1 M0=0
  15   1          TH1=244;//计算初值  波特率4800bps时
  16   1          TL1=244;//低八位可以不设置
  17   1          TR1=1;//启动定时器T1
  18   1      
  19   1          SM0=0;//使用SCON方式一
  20   1          SM1=1;
  21   1          REN=1;//启动串口接收数据
  22   1      
  23   1          //SCON结构 SM1 SM1 SM2 REN TB8 RB8 TI RI
  24   1          //也可以 SCON=0X50
  25   1      
  26   1          //查询方式
  27   1        
  28   1      }
  29          void main()
  30          {
  31   1      
  32   1          init();
  33   1          while(1)
  34   1          {
  35   2      
  36   2              if(RI)
  37   2              {
  38   3                  RI=0;//将接收中断标志位 手动清零
  39   3                  temp=SBUF;//将SBUF中的数据取出来
  40   3                  P0=SBUF;
  41   3      
  42   3              }
  43   2          }
  44   1      
  45   1      
  46   1      }


MODULE INFORMATION:   STATIC OVERLAYABLE
   CODE SIZE        =     37    ----
   CONSTANT SIZE    =   ----    ----
   XDATA SIZE       =   ----    ----
   PDATA SIZE       =   ----    ----
   DATA SIZE        =      1    ----
   IDATA SIZE       =   ----    ----
C51 COMPILER V9.01   SERIAL_LED_SEARCH                                                     05/05/2019 10:32:25 PAGE 2   

   BIT SIZE         =   ----    ----
END OF MODULE INFORMATION.


C51 COMPILATION COMPLETE.  0 WARNING(S),  0 ERROR(S)
