C51 COMPILER V9.01   ZHONGJIAN                                                             03/29/2019 15:38:16 PAGE 1   


C51 COMPILER V9.01, COMPILATION OF MODULE ZHONGJIAN
OBJECT MODULE PLACED IN zhongjian.OBJ
COMPILER INVOKED BY: D:\keil 4\C51\BIN\C51.EXE zhongjian.c BROWSE DEBUG OBJECTEXTEND

line level    source

   1          #include "reg52.h"
   2          #define ui unsigned int
   3          
   4          sbit wela =P2^1; //定义引脚
   5          sbit dula =P2^0;
   6          
   7          /*------------------------------------------------
   8                             查表表格
   9          ------------------------------------------------*/
  10          unsigned char code table[]={    0x3F,0x06,0x5B,0x4F,
  11                                                                          0x66,0x6D,0x7d,0x07,
  12                                                                          0x7f,0x6f,0x77,0x7C,
  13                                                                          0x39,0x5E,0x79,0x71
  14                                                            }       ;
  15                                                          //依次为0~F
  16                                                          //0011 1111  输出为 1 点亮数码管的一段
  17          
  18          void delay(ui z)
  19          {
  20   1          ui a,b;
  21   1          for(a=z;a>0;a--)
  22   1              for(b=110;b>0;b--);
  23   1      } 
  24          
  25          void main()
  26          {
  27   1           ui i=0;
  28   1              //位选数码管1110 0111
  29   1              //0 选中中间两个数码管   低电平选中数码管 高电平使得数码管的一段点亮
  30   1              //低位--->高位  反着来 从左到右 第一个数码管为最低位
  31   1              wela=1;
  32   1              P0=0xe7;
  33   1              wela=0;
  34   1              while(1)
  35   1              {
  36   2              for(i=0;i<16;i++)  
  37   2                  {
  38   3                       delay(1000);
  39   3                               //送段码
  40   3                               dula=1;
  41   3                           P0=table[i];
  42   3                               dula=0;
  43   3                  }
  44   2      
  45   2              
  46   2              
  47   2              }
  48   1      }


MODULE INFORMATION:   STATIC OVERLAYABLE
   CODE SIZE        =     71    ----
   CONSTANT SIZE    =     16    ----
   XDATA SIZE       =   ----    ----
   PDATA SIZE       =   ----    ----
C51 COMPILER V9.01   ZHONGJIAN                                                             03/29/2019 15:38:16 PAGE 2   

   DATA SIZE        =   ----    ----
   IDATA SIZE       =   ----    ----
   BIT SIZE         =   ----    ----
END OF MODULE INFORMATION.


C51 COMPILATION COMPLETE.  0 WARNING(S),  0 ERROR(S)
