C51 COMPILER V9.54   SHIFTFLOWLED                                                          03/15/2019 19:45:40 PAGE 1   


C51 COMPILER V9.54, COMPILATION OF MODULE SHIFTFLOWLED
OBJECT MODULE PLACED IN shiftFlowLED.OBJ
COMPILER INVOKED BY: G:\kEIL_V51\C51\BIN\C51.EXE shiftFlowLED.c OPTIMIZE(8,SPEED) BROWSE DEBUG OBJECTEXTEND TABS(2)

line level    source

   1          #include <reg51.h>
   2          #define ui unsigned int
   3          
   4          void delay(ui z)
   5          {
   6   1        ui a,b;
   7   1        for(a=z;a>0;a--)
   8   1          for(b=110;b>0;b--);
   9   1      }
  10          void main()
  11          {
  12   1        unsigned char i;
  13   1        P0=0X01;
  14   1        while(1)
  15   1        {
  16   2          for(i=0;i<8;i++)
  17   2          {
  18   3            delay(1000);
  19   3            P0<<=1;
  20   3            P0=P0|0X01;
  21   3          }
  22   2            P0=0X01;
  23   2        }
  24   1      
  25   1      }


MODULE INFORMATION:   STATIC OVERLAYABLE
   CODE SIZE        =     60    ----
   CONSTANT SIZE    =   ----    ----
   XDATA SIZE       =   ----    ----
   PDATA SIZE       =   ----    ----
   DATA SIZE        =   ----    ----
   IDATA SIZE       =   ----    ----
   BIT SIZE         =   ----    ----
END OF MODULE INFORMATION.


C51 COMPILATION COMPLETE.  0 WARNING(S),  0 ERROR(S)
